Determining if the pthread_create exist failed with the following output:
Change Dir: /home/lhn/catkin_ws/src/chapter7_tutorials/build/CMakeFiles/CMakeTmp

Run Build Command:"/usr/bin/make" "cmTC_4d15a/fast"
/usr/bin/make -f CMakeFiles/cmTC_4d15a.dir/build.make CMakeFiles/cmTC_4d15a.dir/build
make[1]: Entering directory '/home/lhn/catkin_ws/src/chapter7_tutorials/build/CMakeFiles/CMakeTmp'
Building C object CMakeFiles/cmTC_4d15a.dir/CheckSymbolExists.c.o
/usr/bin/cc     -o CMakeFiles/cmTC_4d15a.dir/CheckSymbolExists.c.o   -c /home/lhn/catkin_ws/src/chapter7_tutorials/build/CMakeFiles/CMakeTmp/CheckSymbolExists.c
Linking C executable cmTC_4d15a
/usr/bin/cmake -E cmake_link_script CMakeFiles/cmTC_4d15a.dir/link.txt --verbose=1
/usr/bin/cc       CMakeFiles/cmTC_4d15a.dir/CheckSymbolExists.c.o  -o cmTC_4d15a -rdynamic 
CMakeFiles/cmTC_4d15a.dir/CheckSymbolExists.c.o：在函数‘main’中：
CheckSymbolExists.c:(.text+0x16)：对‘pthread_create’未定义的引用
collect2: error: ld returned 1 exit status
CMakeFiles/cmTC_4d15a.dir/build.make:97: recipe for target 'cmTC_4d15a' failed
make[1]: *** [cmTC_4d15a] Error 1
make[1]: Leaving directory '/home/lhn/catkin_ws/src/chapter7_tutorials/build/CMakeFiles/CMakeTmp'
Makefile:126: recipe for target 'cmTC_4d15a/fast' failed
make: *** [cmTC_4d15a/fast] Error 2

File /home/lhn/catkin_ws/src/chapter7_tutorials/build/CMakeFiles/CMakeTmp/CheckSymbolExists.c:
/* */
#include <pthread.h>

int main(int argc, char** argv)
{
  (void)argv;
#ifndef pthread_create
  return ((int*)(&pthread_create))[argc];
#else
  (void)argc;
  return 0;
#endif
}

Determining if the function pthread_create exists in the pthreads failed with the following output:
Change Dir: /home/lhn/catkin_ws/src/chapter7_tutorials/build/CMakeFiles/CMakeTmp

Run Build Command:"/usr/bin/make" "cmTC_5beb3/fast"
/usr/bin/make -f CMakeFiles/cmTC_5beb3.dir/build.make CMakeFiles/cmTC_5beb3.dir/build
make[1]: Entering directory '/home/lhn/catkin_ws/src/chapter7_tutorials/build/CMakeFiles/CMakeTmp'
Building C object CMakeFiles/cmTC_5beb3.dir/CheckFunctionExists.c.o
/usr/bin/cc    -DCHECK_FUNCTION_EXISTS=pthread_create   -o CMakeFiles/cmTC_5beb3.dir/CheckFunctionExists.c.o   -c /usr/share/cmake-3.5/Modules/CheckFunctionExists.c
Linking C executable cmTC_5beb3
/usr/bin/cmake -E cmake_link_script CMakeFiles/cmTC_5beb3.dir/link.txt --verbose=1
/usr/bin/cc   -DCHECK_FUNCTION_EXISTS=pthread_create    CMakeFiles/cmTC_5beb3.dir/CheckFunctionExists.c.o  -o cmTC_5beb3 -rdynamic -lpthreads 
/usr/bin/ld: 找不到 -lpthreads
collect2: error: ld returned 1 exit status
CMakeFiles/cmTC_5beb3.dir/build.make:97: recipe for target 'cmTC_5beb3' failed
make[1]: *** [cmTC_5beb3] Error 1
make[1]: Leaving directory '/home/lhn/catkin_ws/src/chapter7_tutorials/build/CMakeFiles/CMakeTmp'
Makefile:126: recipe for target 'cmTC_5beb3/fast' failed
make: *** [cmTC_5beb3/fast] Error 2


