Determining if the pthread_create exist failed with the following output:
Change Dir: /home/lhn/catkin_ws/CMakeFiles/CMakeTmp

Run Build Command:"/usr/bin/make" "cmTC_190c7/fast"
/usr/bin/make -f CMakeFiles/cmTC_190c7.dir/build.make CMakeFiles/cmTC_190c7.dir/build
make[1]: Entering directory '/home/lhn/catkin_ws/CMakeFiles/CMakeTmp'
Building C object CMakeFiles/cmTC_190c7.dir/CheckSymbolExists.c.o
/usr/bin/cc     -o CMakeFiles/cmTC_190c7.dir/CheckSymbolExists.c.o   -c /home/lhn/catkin_ws/CMakeFiles/CMakeTmp/CheckSymbolExists.c
Linking C executable cmTC_190c7
/usr/bin/cmake -E cmake_link_script CMakeFiles/cmTC_190c7.dir/link.txt --verbose=1
/usr/bin/cc       CMakeFiles/cmTC_190c7.dir/CheckSymbolExists.c.o  -o cmTC_190c7 -rdynamic 
CMakeFiles/cmTC_190c7.dir/CheckSymbolExists.c.o：在函数‘main’中：
CheckSymbolExists.c:(.text+0x16)：对‘pthread_create’未定义的引用
collect2: error: ld returned 1 exit status
CMakeFiles/cmTC_190c7.dir/build.make:97: recipe for target 'cmTC_190c7' failed
make[1]: *** [cmTC_190c7] Error 1
make[1]: Leaving directory '/home/lhn/catkin_ws/CMakeFiles/CMakeTmp'
Makefile:126: recipe for target 'cmTC_190c7/fast' failed
make: *** [cmTC_190c7/fast] Error 2

File /home/lhn/catkin_ws/CMakeFiles/CMakeTmp/CheckSymbolExists.c:
/* */
#include <pthread.h>

int main(int argc, char** argv)
{
  (void)argv;
#ifndef pthread_create
  return ((int*)(&pthread_create))[argc];
#else
  (void)argc;
  return 0;
#endif
}

Determining if the function pthread_create exists in the pthreads failed with the following output:
Change Dir: /home/lhn/catkin_ws/CMakeFiles/CMakeTmp

Run Build Command:"/usr/bin/make" "cmTC_222cb/fast"
/usr/bin/make -f CMakeFiles/cmTC_222cb.dir/build.make CMakeFiles/cmTC_222cb.dir/build
make[1]: Entering directory '/home/lhn/catkin_ws/CMakeFiles/CMakeTmp'
Building C object CMakeFiles/cmTC_222cb.dir/CheckFunctionExists.c.o
/usr/bin/cc    -DCHECK_FUNCTION_EXISTS=pthread_create   -o CMakeFiles/cmTC_222cb.dir/CheckFunctionExists.c.o   -c /usr/share/cmake-3.5/Modules/CheckFunctionExists.c
Linking C executable cmTC_222cb
/usr/bin/cmake -E cmake_link_script CMakeFiles/cmTC_222cb.dir/link.txt --verbose=1
/usr/bin/cc   -DCHECK_FUNCTION_EXISTS=pthread_create    CMakeFiles/cmTC_222cb.dir/CheckFunctionExists.c.o  -o cmTC_222cb -rdynamic -lpthreads 
/usr/bin/ld: 找不到 -lpthreads
collect2: error: ld returned 1 exit status
CMakeFiles/cmTC_222cb.dir/build.make:97: recipe for target 'cmTC_222cb' failed
make[1]: *** [cmTC_222cb] Error 1
make[1]: Leaving directory '/home/lhn/catkin_ws/CMakeFiles/CMakeTmp'
Makefile:126: recipe for target 'cmTC_222cb/fast' failed
make: *** [cmTC_222cb/fast] Error 2


